Build started 7/10/2018 10:19:50 AM.
     1>Project "C:\Users\dli\Documents\Visual Studio 2013\Projects\Exceed2\Exceed2\Exceed2.vcxproj" on node 2 (Rebuild target(s)).
     1>ClCompile:
         C:\Program Files (x86)\Microsoft Visual Studio 12.0\VC\bin\CL.exe /c /ZI /nologo /W3 /WX- /sdl /Od /Oy- /D _MBCS /Gm /EHsc /RTC1 /MDd /GS /fp:precise /Zc:wchar_t /Zc:forScope /Fo"Debug\\" /Fd"Debug\vc120.pdb" /Gd /TP /analyze- /errorReport:prompt main.cpp ListeningThread.h ROTException.h ClientThread.h
         ClientThread.h
     1>c:\users\dli\documents\visual studio 2013\projects\exceed2\exceed2\clientthread.h(88): warning C4018: '<' : signed/unsigned mismatch
         ROTException.h
         ListeningThread.h
     1>c:\users\dli\documents\visual studio 2013\projects\exceed2\exceed2\clientthread.h(88): warning C4018: '<' : signed/unsigned mismatch
         main.cpp
     1>c:\users\dli\documents\visual studio 2013\projects\exceed2\exceed2\clientthread.h(88): warning C4018: '<' : signed/unsigned mismatch
         Generating Code...
     1>c:\users\dli\documents\visual studio 2013\projects\exceed2\exceed2\clientthread.h(81): warning C4715: 'thread_obj::operator()' : not all control paths return a value
       Link:
         C:\Program Files (x86)\Microsoft Visual Studio 12.0\VC\bin\link.exe /ERRORREPORT:PROMPT /OUT:"C:\Users\dli\Documents\Visual Studio 2013\Projects\Exceed2\Debug\Exceed2.exe" /INCREMENTAL /NOLOGO ws2_32.lib kernel32.lib user32.lib gdi32.lib winspool.lib comdlg32.lib advapi32.lib shell32.lib ole32.lib oleaut32.lib uuid.lib odbc32.lib odbccp32.lib /MANIFEST /MANIFESTUAC:"level='asInvoker' uiAccess='false'" /manifest:embed /DEBUG /PDB:"C:\Users\dli\Documents\Visual Studio 2013\Projects\Exceed2\Debug\Exceed2.pdb" /TLBID:1 /DYNAMICBASE /NXCOMPAT /IMPLIB:"C:\Users\dli\Documents\Visual Studio 2013\Projects\Exceed2\Debug\Exceed2.lib" /MACHINE:X86 Debug\main.obj
         Debug\ListeningThread.obj
         Debug\ROTException.obj
         Debug\ClientThread.obj
         Exceed2.vcxproj -> C:\Users\dli\Documents\Visual Studio 2013\Projects\Exceed2\Debug\Exceed2.exe
     1>Done Building Project "C:\Users\dli\Documents\Visual Studio 2013\Projects\Exceed2\Exceed2\Exceed2.vcxproj" (Rebuild target(s)).

Build succeeded.

Time Elapsed 00:00:03.25
